<?xml version="1.0" encoding="UTF-8"?>
<testng-results ignored="0" total="2" passed="2" failed="0" skipped="0">
  <reporter-output>
  </reporter-output>
  <suite started-at="2022-06-17T23:03:17 IST" name="Suite" finished-at="2022-06-17T23:04:09 IST" duration-ms="51918">
    <groups>
    </groups>
    <test started-at="2022-06-17T23:03:17 IST" name="Test" finished-at="2022-06-17T23:04:09 IST" duration-ms="51918">
      <class name="ipg.StaffAug.Test_NavigationBar">
        <test-method is-config="true" signature="initialization()[pri:0, instance:ipg.StaffAug.Test_NavigationBar@957e06]" started-at="2022-06-17T23:03:17 IST" name="initialization" finished-at="2022-06-17T23:03:37 IST" duration-ms="20201" status="PASS">
          <reporter-output>
          </reporter-output>
        </test-method> <!-- initialization -->
        <test-method signature="homeNavigation()[pri:0, instance:ipg.StaffAug.Test_NavigationBar@957e06]" started-at="2022-06-17T23:03:37 IST" name="homeNavigation" finished-at="2022-06-17T23:03:37 IST" duration-ms="51" status="PASS">
          <reporter-output>
          </reporter-output>
        </test-method> <!-- homeNavigation -->
        <test-method is-config="true" signature="terminate()[pri:0, instance:ipg.StaffAug.Test_NavigationBar@957e06]" started-at="2022-06-17T23:03:37 IST" name="terminate" finished-at="2022-06-17T23:03:38 IST" duration-ms="166" status="PASS">
          <reporter-output>
          </reporter-output>
        </test-method> <!-- terminate -->
      </class> <!-- ipg.StaffAug.Test_NavigationBar -->
      <class name="ipg.StaffAug.Test_ValidateTitle">
        <test-method is-config="true" signature="initialization()[pri:0, instance:ipg.StaffAug.Test_ValidateTitle@437da279]" started-at="2022-06-17T23:03:38 IST" name="initialization" finished-at="2022-06-17T23:04:09 IST" duration-ms="31252" status="PASS">
          <reporter-output>
          </reporter-output>
        </test-method> <!-- initialization -->
        <test-method signature="homeNavigation()[pri:0, instance:ipg.StaffAug.Test_ValidateTitle@437da279]" started-at="2022-06-17T23:04:09 IST" name="homeNavigation" finished-at="2022-06-17T23:04:09 IST" duration-ms="33" status="PASS">
          <reporter-output>
          </reporter-output>
        </test-method> <!-- homeNavigation -->
        <test-method is-config="true" signature="terminate()[pri:0, instance:ipg.StaffAug.Test_ValidateTitle@437da279]" started-at="2022-06-17T23:04:09 IST" name="terminate" finished-at="2022-06-17T23:04:09 IST" duration-ms="179" status="PASS">
          <reporter-output>
          </reporter-output>
        </test-method> <!-- terminate -->
      </class> <!-- ipg.StaffAug.Test_ValidateTitle -->
    </test> <!-- Test -->
  </suite> <!-- Suite -->
</testng-results>
